tagline-traders-api-2022-03-26 21:47:42 [restartedMain] INFO  com.vtt.apps.ApiApplication - Starting ApiApplication using Java 17.0.1 on LAPTOP-64GATL7J with PID 6136 (D:\microservices-workspace\api\target\classes started by sunil kumar in D:\microservices-workspace\api)
tagline-traders-api-2022-03-26 21:47:42 [restartedMain] INFO  com.vtt.apps.ApiApplication - No active profile set, falling back to default profiles: default
tagline-traders-api-2022-03-26 21:47:42 [restartedMain] INFO  o.s.b.d.e.DevToolsPropertyDefaultsPostProcessor - Devtools property defaults active! Set 'spring.devtools.add-properties' to 'false' to disable
tagline-traders-api-2022-03-26 21:47:42 [restartedMain] INFO  o.s.b.d.e.DevToolsPropertyDefaultsPostProcessor - For additional web related logging consider setting the 'logging.level.web' property to 'DEBUG'
tagline-traders-api-2022-03-26 21:47:43 [restartedMain] INFO  o.s.b.w.e.tomcat.TomcatWebServer - Tomcat initialized with port(s): 9090 (http)
tagline-traders-api-2022-03-26 21:47:43 [restartedMain] INFO  o.a.catalina.core.StandardService - Starting service [Tomcat]
tagline-traders-api-2022-03-26 21:47:43 [restartedMain] INFO  o.a.catalina.core.StandardEngine - Starting Servlet engine: [Apache Tomcat/9.0.56]
tagline-traders-api-2022-03-26 21:47:43 [restartedMain] INFO  o.a.c.c.C.[Tomcat].[localhost].[/] - Initializing Spring embedded WebApplicationContext
tagline-traders-api-2022-03-26 21:47:43 [restartedMain] INFO  o.s.b.w.s.c.ServletWebServerApplicationContext - Root WebApplicationContext: initialization completed in 1507 ms
tagline-traders-api-2022-03-26 21:47:44 [restartedMain] INFO  o.s.b.d.a.OptionalLiveReloadServer - LiveReload server is running on port 35729
tagline-traders-api-2022-03-26 21:47:44 [restartedMain] INFO  o.s.b.a.e.web.EndpointLinksResolver - Exposing 1 endpoint(s) beneath base path '/actuator'
tagline-traders-api-2022-03-26 21:47:44 [restartedMain] INFO  o.s.b.w.e.tomcat.TomcatWebServer - Tomcat started on port(s): 9090 (http) with context path ''
tagline-traders-api-2022-03-26 21:47:44 [restartedMain] INFO  com.vtt.apps.ApiApplication - Started ApiApplication in 3.319 seconds (JVM running for 4.957)
tagline-traders-api-2022-03-26 21:50:15 [http-nio-9090-exec-1] INFO  o.a.c.c.C.[Tomcat].[localhost].[/] - Initializing Spring DispatcherServlet 'dispatcherServlet'
tagline-traders-api-2022-03-26 21:50:15 [http-nio-9090-exec-1] INFO  o.s.web.servlet.DispatcherServlet - Initializing Servlet 'dispatcherServlet'
tagline-traders-api-2022-03-26 21:50:15 [http-nio-9090-exec-1] INFO  o.s.web.servlet.DispatcherServlet - Completed initialization in 2 ms
tagline-traders-api-2022-03-26 21:50:15 [http-nio-9090-exec-1] INFO  c.v.apps.controller.EmailController - Exec sendEmail ...InvoiceRequest [name=Mr.SAI, orderNo=623f3d3f479e7acde7ef9dfc, arrivingDate=2022-03-26T16:20:15.108, address=asasd, itemsPrice=23520, shippingPrice=null, totalPrice=23520, to=sunil.lakkakula@gmail.com, subject=PLEASE IGNORE TESTING INVOICE GENERATION ORDER INVOICE # 623f3d3f479e7acde7ef9dfc, from=sunil.lakkakula@gmail.com]
tagline-traders-api-2022-03-26 21:50:15 [http-nio-9090-exec-1] INFO  com.vtt.apps.service.EmailService - Exc sendEmail From Service....IMPLInvoiceRequest [name=Mr.SAI, orderNo=623f3d3f479e7acde7ef9dfc, arrivingDate=2022-03-26T16:20:15.108, address=asasd, itemsPrice=23520, shippingPrice=null, totalPrice=23520, to=sunil.lakkakula@gmail.com, subject=PLEASE IGNORE TESTING INVOICE GENERATION ORDER INVOICE # 623f3d3f479e7acde7ef9dfc, from=sunil.lakkakula@gmail.com]
tagline-traders-api-2022-03-26 21:50:21 [http-nio-9090-exec-1] INFO  com.vtt.apps.service.EmailService - Success sendEmail From Service....IMPL
tagline-traders-api-2022-03-26 22:07:16 [http-nio-9090-exec-2] INFO  c.v.apps.controller.EmailController - Exec sendEmail ...InvoiceRequest [name=CUSTUSER0001, orderNo=623f413bf3b83d8c771b2bac, arrivingDate=2022-03-26T16:37:15.746, address=asdasc, itemsPrice=23184, shippingPrice=null, totalPrice=23184, to=sunil.lakkakula@gmail.com, subject=PLEASE IGNORE TESTING INVOICE GENERATION ORDER INVOICE # 623f413bf3b83d8c771b2bac, from=sunil.lakkakula@gmail.com]
tagline-traders-api-2022-03-26 22:07:16 [http-nio-9090-exec-2] INFO  com.vtt.apps.service.EmailService - Exc sendEmail From Service....IMPLInvoiceRequest [name=CUSTUSER0001, orderNo=623f413bf3b83d8c771b2bac, arrivingDate=2022-03-26T16:37:15.746, address=asdasc, itemsPrice=23184, shippingPrice=null, totalPrice=23184, to=sunil.lakkakula@gmail.com, subject=PLEASE IGNORE TESTING INVOICE GENERATION ORDER INVOICE # 623f413bf3b83d8c771b2bac, from=sunil.lakkakula@gmail.com]
tagline-traders-api-2022-03-26 22:07:21 [http-nio-9090-exec-2] INFO  com.vtt.apps.service.EmailService - Success sendEmail From Service....IMPL
tagline-traders-api-2022-03-26 22:08:44 [RMI TCP Connection(30)-127.0.0.1] INFO  o.s.b.a.SpringApplicationAdminMXBeanRegistrar$SpringApplicationAdmin - Application shutdown requested.
